22:57:59.034 [main] DEBUG org.apache.poi.openxml4j.opc.PackageRelationshipCollection - Parsing relationship: /_rels/.rels
22:57:59.123 [main] DEBUG org.apache.poi.openxml4j.opc.PackageRelationshipCollection - Parsing relationship: /xl/_rels/workbook.xml.rels
22:57:59.126 [main] DEBUG org.apache.poi.openxml4j.opc.PackageRelationshipCollection - Parsing relationship: /xl/worksheets/_rels/sheet1.xml.rels
22:57:59.130 [main] DEBUG org.apache.poi.openxml4j.opc.PackageRelationshipCollection - Parsing relationship: /_rels/.rels
22:57:59.195 [main] DEBUG org.apache.poi.openxml4j.opc.PackageRelationshipCollection - Parsing relationship: /xl/_rels/workbook.xml.rels
22:57:59.198 [main] DEBUG org.apache.poi.openxml4j.opc.PackageRelationshipCollection - Parsing relationship: /xl/worksheets/_rels/sheet1.xml.rels
22:57:59.201 [main] DEBUG org.apache.poi.openxml4j.opc.PackageRelationshipCollection - Parsing relationship: /_rels/.rels
22:57:59.248 [main] DEBUG org.apache.poi.openxml4j.opc.PackageRelationshipCollection - Parsing relationship: /xl/_rels/workbook.xml.rels
22:57:59.250 [main] DEBUG org.apache.poi.openxml4j.opc.PackageRelationshipCollection - Parsing relationship: /xl/worksheets/_rels/sheet1.xml.rels
22:57:59.252 [main] DEBUG org.apache.poi.openxml4j.opc.PackageRelationshipCollection - Parsing relationship: /_rels/.rels
22:57:59.304 [main] DEBUG org.apache.poi.openxml4j.opc.PackageRelationshipCollection - Parsing relationship: /xl/_rels/workbook.xml.rels
22:57:59.307 [main] DEBUG org.apache.poi.openxml4j.opc.PackageRelationshipCollection - Parsing relationship: /xl/worksheets/_rels/sheet1.xml.rels
22:57:59.309 [main] DEBUG org.apache.poi.openxml4j.opc.PackageRelationshipCollection - Parsing relationship: /_rels/.rels
22:57:59.354 [main] DEBUG org.apache.poi.openxml4j.opc.PackageRelationshipCollection - Parsing relationship: /xl/_rels/workbook.xml.rels
22:57:59.357 [main] DEBUG org.apache.poi.openxml4j.opc.PackageRelationshipCollection - Parsing relationship: /xl/worksheets/_rels/sheet1.xml.rels
22:57:59.360 [main] DEBUG org.apache.poi.openxml4j.opc.PackageRelationshipCollection - Parsing relationship: /_rels/.rels
22:57:59.408 [main] DEBUG org.apache.poi.openxml4j.opc.PackageRelationshipCollection - Parsing relationship: /xl/_rels/workbook.xml.rels
22:57:59.410 [main] DEBUG org.apache.poi.openxml4j.opc.PackageRelationshipCollection - Parsing relationship: /xl/worksheets/_rels/sheet1.xml.rels
22:57:59.413 [main] DEBUG org.apache.poi.openxml4j.opc.PackageRelationshipCollection - Parsing relationship: /_rels/.rels
22:57:59.457 [main] DEBUG org.apache.poi.openxml4j.opc.PackageRelationshipCollection - Parsing relationship: /xl/_rels/workbook.xml.rels
22:57:59.459 [main] DEBUG org.apache.poi.openxml4j.opc.PackageRelationshipCollection - Parsing relationship: /xl/worksheets/_rels/sheet1.xml.rels
22:57:59.460 [main] DEBUG org.apache.poi.openxml4j.opc.PackageRelationshipCollection - Parsing relationship: /_rels/.rels
22:57:59.493 [main] DEBUG org.apache.poi.openxml4j.opc.PackageRelationshipCollection - Parsing relationship: /xl/_rels/workbook.xml.rels
22:57:59.495 [main] DEBUG org.apache.poi.openxml4j.opc.PackageRelationshipCollection - Parsing relationship: /xl/worksheets/_rels/sheet1.xml.rels
22:57:59.497 [main] DEBUG org.apache.poi.openxml4j.opc.PackageRelationshipCollection - Parsing relationship: /_rels/.rels
22:57:59.529 [main] DEBUG org.apache.poi.openxml4j.opc.PackageRelationshipCollection - Parsing relationship: /xl/_rels/workbook.xml.rels
22:57:59.531 [main] DEBUG org.apache.poi.openxml4j.opc.PackageRelationshipCollection - Parsing relationship: /xl/worksheets/_rels/sheet1.xml.rels
22:57:59.533 [main] DEBUG org.apache.poi.openxml4j.opc.PackageRelationshipCollection - Parsing relationship: /_rels/.rels
22:57:59.570 [main] DEBUG org.apache.poi.openxml4j.opc.PackageRelationshipCollection - Parsing relationship: /xl/_rels/workbook.xml.rels
22:57:59.571 [main] DEBUG org.apache.poi.openxml4j.opc.PackageRelationshipCollection - Parsing relationship: /xl/worksheets/_rels/sheet1.xml.rels
22:57:59.574 [main] DEBUG org.apache.poi.openxml4j.opc.PackageRelationshipCollection - Parsing relationship: /_rels/.rels
22:57:59.607 [main] DEBUG org.apache.poi.openxml4j.opc.PackageRelationshipCollection - Parsing relationship: /xl/_rels/workbook.xml.rels
22:57:59.608 [main] DEBUG org.apache.poi.openxml4j.opc.PackageRelationshipCollection - Parsing relationship: /xl/worksheets/_rels/sheet1.xml.rels
22:57:59.610 [main] DEBUG org.apache.poi.openxml4j.opc.PackageRelationshipCollection - Parsing relationship: /_rels/.rels
22:57:59.646 [main] DEBUG org.apache.poi.openxml4j.opc.PackageRelationshipCollection - Parsing relationship: /xl/_rels/workbook.xml.rels
22:57:59.647 [main] DEBUG org.apache.poi.openxml4j.opc.PackageRelationshipCollection - Parsing relationship: /xl/worksheets/_rels/sheet1.xml.rels
22:57:59.649 [main] DEBUG org.apache.poi.openxml4j.opc.PackageRelationshipCollection - Parsing relationship: /_rels/.rels
22:57:59.716 [main] INFO  testCases.TC003_LoginDDT - ********** Strating TC003_LoginDDT ****************
22:58:00.402 [main] INFO  testCases.TC003_LoginDDT - Providing Login data
22:58:01.715 [main] INFO  testCases.TC003_LoginDDT - Clicked on login button
22:58:07.783 [main] INFO  testCases.TC003_LoginDDT - *********************End of TC003_LoginDDT********************
22:58:07.795 [main] INFO  testCases.TC003_LoginDDT - ********** Strating TC003_LoginDDT ****************
22:58:08.357 [main] INFO  testCases.TC003_LoginDDT - Providing Login data
22:58:09.762 [main] INFO  testCases.TC003_LoginDDT - Clicked on login button
22:58:15.346 [main] INFO  testCases.TC003_LoginDDT - *********************End of TC003_LoginDDT********************
22:58:15.354 [main] INFO  testCases.TC003_LoginDDT - ********** Strating TC003_LoginDDT ****************
22:58:15.887 [main] INFO  testCases.TC003_LoginDDT - Providing Login data
22:58:16.268 [main] INFO  testCases.TC003_LoginDDT - Clicked on login button
22:58:23.144 [main] INFO  testCases.TC003_LoginDDT - *********************End of TC003_LoginDDT********************
22:58:23.149 [main] INFO  testCases.TC003_LoginDDT - ********** Strating TC003_LoginDDT ****************
22:58:23.729 [main] INFO  testCases.TC003_LoginDDT - Providing Login data
22:58:24.104 [main] INFO  testCases.TC003_LoginDDT - Clicked on login button
22:58:39.962 [main] INFO  testCases.TC003_LoginDDT - *********************End of TC003_LoginDDT********************
22:58:39.967 [main] INFO  testCases.TC003_LoginDDT - ********** Strating TC003_LoginDDT ****************
22:58:40.508 [main] INFO  testCases.TC003_LoginDDT - Providing Login data
22:58:40.949 [main] INFO  testCases.TC003_LoginDDT - Clicked on login button
22:58:47.570 [main] INFO  testCases.TC003_LoginDDT - *********************End of TC003_LoginDDT********************
22:58:47.575 [main] INFO  testCases.TC003_LoginDDT - ********** Strating TC003_LoginDDT ****************
22:58:48.127 [main] INFO  testCases.TC003_LoginDDT - Providing Login data
22:58:49.421 [main] INFO  testCases.TC003_LoginDDT - Clicked on login button
22:59:04.492 [main] INFO  testCases.TC003_LoginDDT - *********************End of TC003_LoginDDT********************
23:05:26.162 [main] DEBUG org.testng.TestNG - suiteXmlPath: "C:\Workspaces\JavaWork\opencartV0.1\master.xml"
23:05:26.666 [main] INFO  org.testng.internal.Utils - [TestNG] Running:
  C:\Workspaces\JavaWork\opencartV0.1\master.xml

23:05:31.368 [main] DEBUG org.apache.poi.openxml4j.opc.PackageRelationshipCollection - Parsing relationship: /xl/_rels/workbook.xml.rels
23:05:31.377 [main] DEBUG org.apache.poi.openxml4j.opc.PackageRelationshipCollection - Parsing relationship: /xl/worksheets/_rels/sheet1.xml.rels
23:05:31.382 [main] DEBUG org.apache.poi.openxml4j.opc.PackageRelationshipCollection - Parsing relationship: /_rels/.rels
23:05:32.451 [main] DEBUG org.apache.poi.openxml4j.opc.PackageRelationshipCollection - Parsing relationship: /xl/_rels/workbook.xml.rels
23:05:32.454 [main] DEBUG org.apache.poi.openxml4j.opc.PackageRelationshipCollection - Parsing relationship: /xl/worksheets/_rels/sheet1.xml.rels
23:05:32.458 [main] DEBUG org.apache.poi.openxml4j.opc.PackageRelationshipCollection - Parsing relationship: /_rels/.rels
23:05:32.541 [main] DEBUG org.apache.poi.openxml4j.opc.PackageRelationshipCollection - Parsing relationship: /xl/_rels/workbook.xml.rels
23:05:32.544 [main] DEBUG org.apache.poi.openxml4j.opc.PackageRelationshipCollection - Parsing relationship: /xl/worksheets/_rels/sheet1.xml.rels
23:05:32.548 [main] DEBUG org.apache.poi.openxml4j.opc.PackageRelationshipCollection - Parsing relationship: /_rels/.rels
23:05:32.645 [main] DEBUG org.apache.poi.openxml4j.opc.PackageRelationshipCollection - Parsing relationship: /xl/_rels/workbook.xml.rels
23:05:32.647 [main] DEBUG org.apache.poi.openxml4j.opc.PackageRelationshipCollection - Parsing relationship: /xl/worksheets/_rels/sheet1.xml.rels
23:05:32.651 [main] DEBUG org.apache.poi.openxml4j.opc.PackageRelationshipCollection - Parsing relationship: /_rels/.rels
23:05:32.717 [main] DEBUG org.apache.poi.openxml4j.opc.PackageRelationshipCollection - Parsing relationship: /xl/_rels/workbook.xml.rels
23:05:32.720 [main] DEBUG org.apache.poi.openxml4j.opc.PackageRelationshipCollection - Parsing relationship: /xl/worksheets/_rels/sheet1.xml.rels
23:05:32.723 [main] DEBUG org.apache.poi.openxml4j.opc.PackageRelationshipCollection - Parsing relationship: /_rels/.rels
23:05:32.802 [main] DEBUG org.apache.poi.openxml4j.opc.PackageRelationshipCollection - Parsing relationship: /xl/_rels/workbook.xml.rels
23:05:32.804 [main] DEBUG org.apache.poi.openxml4j.opc.PackageRelationshipCollection - Parsing relationship: /xl/worksheets/_rels/sheet1.xml.rels
23:05:32.808 [main] DEBUG org.apache.poi.openxml4j.opc.PackageRelationshipCollection - Parsing relationship: /_rels/.rels
23:05:32.888 [main] DEBUG org.apache.poi.openxml4j.opc.PackageRelationshipCollection - Parsing relationship: /xl/_rels/workbook.xml.rels
23:05:32.890 [main] DEBUG org.apache.poi.openxml4j.opc.PackageRelationshipCollection - Parsing relationship: /xl/worksheets/_rels/sheet1.xml.rels
23:05:32.893 [main] DEBUG org.apache.poi.openxml4j.opc.PackageRelationshipCollection - Parsing relationship: /_rels/.rels
23:05:32.941 [main] DEBUG org.apache.poi.openxml4j.opc.PackageRelationshipCollection - Parsing relationship: /xl/_rels/workbook.xml.rels
23:05:32.943 [main] DEBUG org.apache.poi.openxml4j.opc.PackageRelationshipCollection - Parsing relationship: /xl/worksheets/_rels/sheet1.xml.rels
23:05:32.945 [main] DEBUG org.apache.poi.openxml4j.opc.PackageRelationshipCollection - Parsing relationship: /_rels/.rels
23:05:32.997 [main] DEBUG org.apache.poi.openxml4j.opc.PackageRelationshipCollection - Parsing relationship: /xl/_rels/workbook.xml.rels
23:05:33.000 [main] DEBUG org.apache.poi.openxml4j.opc.PackageRelationshipCollection - Parsing relationship: /xl/worksheets/_rels/sheet1.xml.rels
23:05:33.002 [main] DEBUG org.apache.poi.openxml4j.opc.PackageRelationshipCollection - Parsing relationship: /_rels/.rels
23:05:33.048 [main] DEBUG org.apache.poi.openxml4j.opc.PackageRelationshipCollection - Parsing relationship: /xl/_rels/workbook.xml.rels
23:05:33.051 [main] DEBUG org.apache.poi.openxml4j.opc.PackageRelationshipCollection - Parsing relationship: /xl/worksheets/_rels/sheet1.xml.rels
23:05:33.053 [main] DEBUG org.apache.poi.openxml4j.opc.PackageRelationshipCollection - Parsing relationship: /_rels/.rels
23:05:33.095 [main] DEBUG org.apache.poi.openxml4j.opc.PackageRelationshipCollection - Parsing relationship: /xl/_rels/workbook.xml.rels
23:05:33.098 [main] DEBUG org.apache.poi.openxml4j.opc.PackageRelationshipCollection - Parsing relationship: /xl/worksheets/_rels/sheet1.xml.rels
23:05:33.101 [main] DEBUG org.apache.poi.openxml4j.opc.PackageRelationshipCollection - Parsing relationship: /_rels/.rels
23:05:33.151 [main] DEBUG org.apache.poi.openxml4j.opc.PackageRelationshipCollection - Parsing relationship: /xl/_rels/workbook.xml.rels
23:05:33.155 [main] DEBUG org.apache.poi.openxml4j.opc.PackageRelationshipCollection - Parsing relationship: /xl/worksheets/_rels/sheet1.xml.rels
23:05:33.158 [main] DEBUG org.apache.poi.openxml4j.opc.PackageRelationshipCollection - Parsing relationship: /_rels/.rels
23:05:33.205 [main] DEBUG org.apache.poi.openxml4j.opc.PackageRelationshipCollection - Parsing relationship: /xl/_rels/workbook.xml.rels
23:05:33.208 [main] DEBUG org.apache.poi.openxml4j.opc.PackageRelationshipCollection - Parsing relationship: /xl/worksheets/_rels/sheet1.xml.rels
23:05:33.211 [main] DEBUG org.apache.poi.openxml4j.opc.PackageRelationshipCollection - Parsing relationship: /_rels/.rels
23:05:33.252 [main] DEBUG org.apache.poi.openxml4j.opc.PackageRelationshipCollection - Parsing relationship: /xl/_rels/workbook.xml.rels
23:05:33.254 [main] DEBUG org.apache.poi.openxml4j.opc.PackageRelationshipCollection - Parsing relationship: /xl/worksheets/_rels/sheet1.xml.rels
23:05:33.256 [main] DEBUG org.apache.poi.openxml4j.opc.PackageRelationshipCollection - Parsing relationship: /_rels/.rels
23:05:33.297 [main] DEBUG org.apache.poi.openxml4j.opc.PackageRelationshipCollection - Parsing relationship: /xl/_rels/workbook.xml.rels
23:05:33.300 [main] DEBUG org.apache.poi.openxml4j.opc.PackageRelationshipCollection - Parsing relationship: /xl/worksheets/_rels/sheet1.xml.rels
23:05:33.302 [main] DEBUG org.apache.poi.openxml4j.opc.PackageRelationshipCollection - Parsing relationship: /_rels/.rels
23:05:33.340 [main] DEBUG org.apache.poi.openxml4j.opc.PackageRelationshipCollection - Parsing relationship: /xl/_rels/workbook.xml.rels
23:05:33.342 [main] DEBUG org.apache.poi.openxml4j.opc.PackageRelationshipCollection - Parsing relationship: /xl/worksheets/_rels/sheet1.xml.rels
23:05:33.344 [main] DEBUG org.apache.poi.openxml4j.opc.PackageRelationshipCollection - Parsing relationship: /_rels/.rels
23:05:33.377 [main] DEBUG org.apache.poi.openxml4j.opc.PackageRelationshipCollection - Parsing relationship: /xl/_rels/workbook.xml.rels
23:05:33.378 [main] DEBUG org.apache.poi.openxml4j.opc.PackageRelationshipCollection - Parsing relationship: /xl/worksheets/_rels/sheet1.xml.rels
23:05:33.380 [main] DEBUG org.apache.poi.openxml4j.opc.PackageRelationshipCollection - Parsing relationship: /_rels/.rels
23:05:33.416 [main] DEBUG org.apache.poi.openxml4j.opc.PackageRelationshipCollection - Parsing relationship: /xl/_rels/workbook.xml.rels
23:05:33.417 [main] DEBUG org.apache.poi.openxml4j.opc.PackageRelationshipCollection - Parsing relationship: /xl/worksheets/_rels/sheet1.xml.rels
23:05:33.420 [main] DEBUG org.apache.poi.openxml4j.opc.PackageRelationshipCollection - Parsing relationship: /_rels/.rels
23:05:33.455 [main] DEBUG org.apache.poi.openxml4j.opc.PackageRelationshipCollection - Parsing relationship: /xl/_rels/workbook.xml.rels
23:05:33.457 [main] DEBUG org.apache.poi.openxml4j.opc.PackageRelationshipCollection - Parsing relationship: /xl/worksheets/_rels/sheet1.xml.rels
23:05:33.463 [main] DEBUG org.apache.poi.openxml4j.opc.PackageRelationshipCollection - Parsing relationship: /_rels/.rels
23:05:33.495 [main] DEBUG org.apache.poi.openxml4j.opc.PackageRelationshipCollection - Parsing relationship: /xl/_rels/workbook.xml.rels
23:05:33.496 [main] DEBUG org.apache.poi.openxml4j.opc.PackageRelationshipCollection - Parsing relationship: /xl/worksheets/_rels/sheet1.xml.rels
23:05:33.499 [main] DEBUG org.apache.poi.openxml4j.opc.PackageRelationshipCollection - Parsing relationship: /_rels/.rels
23:05:33.536 [main] DEBUG org.apache.poi.openxml4j.opc.PackageRelationshipCollection - Parsing relationship: /xl/_rels/workbook.xml.rels
23:05:33.539 [main] DEBUG org.apache.poi.openxml4j.opc.PackageRelationshipCollection - Parsing relationship: /xl/worksheets/_rels/sheet1.xml.rels
23:05:33.541 [main] DEBUG org.apache.poi.openxml4j.opc.PackageRelationshipCollection - Parsing relationship: /_rels/.rels
23:05:33.576 [main] DEBUG org.apache.poi.openxml4j.opc.PackageRelationshipCollection - Parsing relationship: /xl/_rels/workbook.xml.rels
23:05:33.578 [main] DEBUG org.apache.poi.openxml4j.opc.PackageRelationshipCollection - Parsing relationship: /xl/worksheets/_rels/sheet1.xml.rels
23:05:33.581 [main] DEBUG org.apache.poi.openxml4j.opc.PackageRelationshipCollection - Parsing relationship: /_rels/.rels
23:05:33.616 [main] DEBUG org.apache.poi.openxml4j.opc.PackageRelationshipCollection - Parsing relationship: /xl/_rels/workbook.xml.rels
23:05:33.618 [main] DEBUG org.apache.poi.openxml4j.opc.PackageRelationshipCollection - Parsing relationship: /xl/worksheets/_rels/sheet1.xml.rels
23:05:33.620 [main] DEBUG org.apache.poi.openxml4j.opc.PackageRelationshipCollection - Parsing relationship: /_rels/.rels
23:05:33.653 [main] DEBUG org.apache.poi.openxml4j.opc.PackageRelationshipCollection - Parsing relationship: /xl/_rels/workbook.xml.rels
23:05:33.655 [main] DEBUG org.apache.poi.openxml4j.opc.PackageRelationshipCollection - Parsing relationship: /xl/worksheets/_rels/sheet1.xml.rels
23:05:33.657 [main] DEBUG org.apache.poi.openxml4j.opc.PackageRelationshipCollection - Parsing relationship: /_rels/.rels
23:05:33.696 [main] DEBUG org.apache.poi.openxml4j.opc.PackageRelationshipCollection - Parsing relationship: /xl/_rels/workbook.xml.rels
23:05:33.698 [main] DEBUG org.apache.poi.openxml4j.opc.PackageRelationshipCollection - Parsing relationship: /xl/worksheets/_rels/sheet1.xml.rels
23:05:33.700 [main] DEBUG org.apache.poi.openxml4j.opc.PackageRelationshipCollection - Parsing relationship: /_rels/.rels
23:05:33.733 [main] DEBUG org.apache.poi.openxml4j.opc.PackageRelationshipCollection - Parsing relationship: /xl/_rels/workbook.xml.rels
23:05:33.736 [main] DEBUG org.apache.poi.openxml4j.opc.PackageRelationshipCollection - Parsing relationship: /xl/worksheets/_rels/sheet1.xml.rels
23:05:33.738 [main] DEBUG org.apache.poi.openxml4j.opc.PackageRelationshipCollection - Parsing relationship: /_rels/.rels
23:05:33.825 [main] INFO  testCases.TC003_LoginDDT - ********** Strating TC003_LoginDDT ****************
23:05:34.434 [main] INFO  testCases.TC003_LoginDDT - Providing Login data
23:05:34.863 [main] INFO  testCases.TC003_LoginDDT - Clicked on login button
23:05:39.764 [main] INFO  testCases.TC003_LoginDDT - *********************End of TC003_LoginDDT********************
23:05:39.773 [main] INFO  testCases.TC003_LoginDDT - ********** Strating TC003_LoginDDT ****************
23:05:40.379 [main] INFO  testCases.TC003_LoginDDT - Providing Login data
23:05:42.424 [main] INFO  testCases.TC003_LoginDDT - Clicked on login button
23:05:46.650 [main] INFO  testCases.TC003_LoginDDT - *********************End of TC003_LoginDDT********************
23:05:46.655 [main] INFO  testCases.TC003_LoginDDT - ********** Strating TC003_LoginDDT ****************
23:05:47.429 [main] INFO  testCases.TC003_LoginDDT - Providing Login data
23:05:50.530 [main] INFO  testCases.TC003_LoginDDT - Clicked on login button
23:05:55.110 [main] INFO  testCases.TC003_LoginDDT - *********************End of TC003_LoginDDT********************
23:05:55.115 [main] INFO  testCases.TC003_LoginDDT - ********** Strating TC003_LoginDDT ****************
23:05:55.748 [main] INFO  testCases.TC003_LoginDDT - Providing Login data
23:05:56.154 [main] INFO  testCases.TC003_LoginDDT - Clicked on login button
23:06:10.202 [main] INFO  testCases.TC003_LoginDDT - *********************End of TC003_LoginDDT********************
23:06:10.208 [main] INFO  testCases.TC003_LoginDDT - ********** Strating TC003_LoginDDT ****************
23:06:12.219 [main] INFO  testCases.TC003_LoginDDT - Providing Login data
23:06:12.648 [main] INFO  testCases.TC003_LoginDDT - Clicked on login button
23:06:20.254 [main] INFO  testCases.TC003_LoginDDT - *********************End of TC003_LoginDDT********************
23:06:20.258 [main] INFO  testCases.TC003_LoginDDT - ********** Strating TC003_LoginDDT ****************
23:06:20.838 [main] INFO  testCases.TC003_LoginDDT - Providing Login data
23:06:22.024 [main] INFO  testCases.TC003_LoginDDT - Clicked on login button
23:06:35.060 [main] INFO  testCases.TC003_LoginDDT - *********************End of TC003_LoginDDT********************
23:06:35.064 [main] INFO  testCases.TC003_LoginDDT - ********** Strating TC003_LoginDDT ****************
23:06:35.564 [main] INFO  testCases.TC003_LoginDDT - Providing Login data
23:06:36.765 [main] INFO  testCases.TC003_LoginDDT - Clicked on login button
23:06:49.808 [main] INFO  testCases.TC003_LoginDDT - *********************End of TC003_LoginDDT********************
23:06:49.812 [main] INFO  testCases.TC003_LoginDDT - ********** Strating TC003_LoginDDT ****************
23:06:50.373 [main] INFO  testCases.TC003_LoginDDT - Providing Login data
23:06:51.717 [main] INFO  testCases.TC003_LoginDDT - Clicked on login button
23:07:04.786 [main] INFO  testCases.TC003_LoginDDT - *********************End of TC003_LoginDDT********************
23:27:11.331 [main] DEBUG org.testng.TestNG - suiteXmlPath: "C:\Workspaces\JavaWork\opencartV0.1\grouping.xml"
23:27:11.830 [main] INFO  org.testng.internal.Utils - [TestNG] Running:
  C:\Workspaces\JavaWork\opencartV0.1\grouping.xml

23:27:16.025 [main] INFO  testCases.TC001_AccountRegistrationTest - ********Starting TC001_AccountRegistrationTest *********
23:27:16.216 [main] INFO  testCases.TC001_AccountRegistrationTest - Clicked on My Account link
23:27:16.992 [main] INFO  testCases.TC001_AccountRegistrationTest - Clicked on Register link
23:27:16.997 [main] INFO  testCases.TC001_AccountRegistrationTest - Providing Customer Details.....
23:27:19.109 [main] INFO  testCases.TC001_AccountRegistrationTest - Validating expected message.....
23:27:19.181 [main] INFO  testCases.TC001_AccountRegistrationTest - ********Finished TC001_AccountRegistrationTest************
23:27:22.263 [main] INFO  testCases.TC002_LoginTest - *********Starting TC002_LoginTest ***********
23:27:22.879 [main] INFO  testCases.TC002_LoginTest - Providing Login data
23:27:23.313 [main] INFO  testCases.TC002_LoginTest - Clicked on login button
23:27:24.492 [main] INFO  testCases.TC002_LoginTest - *************Finished TC002_LoginTest ***********
23:30:13.759 [main] DEBUG org.testng.TestNG - suiteXmlPath: "C:\Workspaces\JavaWork\opencartV0.1\grouping.xml"
23:30:14.270 [main] INFO  org.testng.internal.Utils - [TestNG] Running:
  C:\Workspaces\JavaWork\opencartV0.1\grouping.xml

23:30:19.265 [main] INFO  testCases.TC002_LoginTest - *********Starting TC002_LoginTest ***********
23:30:20.141 [main] INFO  testCases.TC002_LoginTest - Providing Login data
23:30:22.691 [main] INFO  testCases.TC002_LoginTest - Clicked on login button
23:30:22.776 [main] INFO  testCases.TC002_LoginTest - *************Finished TC002_LoginTest ***********
23:30:59.103 [main] DEBUG org.testng.TestNG - suiteXmlPath: "C:\Workspaces\JavaWork\opencartV0.1\grouping.xml"
23:30:59.689 [main] INFO  org.testng.internal.Utils - [TestNG] Running:
  C:\Workspaces\JavaWork\opencartV0.1\grouping.xml

23:31:03.744 [main] INFO  testCases.TC001_AccountRegistrationTest - ********Starting TC001_AccountRegistrationTest *********
23:31:03.935 [main] INFO  testCases.TC001_AccountRegistrationTest - Clicked on My Account link
23:31:04.644 [main] INFO  testCases.TC001_AccountRegistrationTest - Clicked on Register link
23:31:04.650 [main] INFO  testCases.TC001_AccountRegistrationTest - Providing Customer Details.....
23:31:07.245 [main] INFO  testCases.TC001_AccountRegistrationTest - Validating expected message.....
23:31:07.311 [main] INFO  testCases.TC001_AccountRegistrationTest - ********Finished TC001_AccountRegistrationTest************
23:35:31.463 [main] DEBUG org.testng.TestNG - suiteXmlPath: "C:\Workspaces\JavaWork\opencartV0.1\master.xml"
23:35:31.919 [main] INFO  org.testng.internal.Utils - [TestNG] Running:
  C:\Workspaces\JavaWork\opencartV0.1\master.xml

23:35:36.287 [main] DEBUG org.apache.poi.openxml4j.opc.PackageRelationshipCollection - Parsing relationship: /xl/_rels/workbook.xml.rels
23:35:36.294 [main] DEBUG org.apache.poi.openxml4j.opc.PackageRelationshipCollection - Parsing relationship: /xl/worksheets/_rels/sheet1.xml.rels
23:35:36.299 [main] DEBUG org.apache.poi.openxml4j.opc.PackageRelationshipCollection - Parsing relationship: /_rels/.rels
23:35:37.291 [main] DEBUG org.apache.poi.openxml4j.opc.PackageRelationshipCollection - Parsing relationship: /xl/_rels/workbook.xml.rels
23:35:37.294 [main] DEBUG org.apache.poi.openxml4j.opc.PackageRelationshipCollection - Parsing relationship: /xl/worksheets/_rels/sheet1.xml.rels
23:35:37.297 [main] DEBUG org.apache.poi.openxml4j.opc.PackageRelationshipCollection - Parsing relationship: /_rels/.rels
23:35:37.342 [main] DEBUG org.apache.poi.openxml4j.opc.PackageRelationshipCollection - Parsing relationship: /xl/_rels/workbook.xml.rels
23:35:37.344 [main] DEBUG org.apache.poi.openxml4j.opc.PackageRelationshipCollection - Parsing relationship: /xl/worksheets/_rels/sheet1.xml.rels
23:35:37.347 [main] DEBUG org.apache.poi.openxml4j.opc.PackageRelationshipCollection - Parsing relationship: /_rels/.rels
23:35:37.419 [main] DEBUG org.apache.poi.openxml4j.opc.PackageRelationshipCollection - Parsing relationship: /xl/_rels/workbook.xml.rels
23:35:37.421 [main] DEBUG org.apache.poi.openxml4j.opc.PackageRelationshipCollection - Parsing relationship: /xl/worksheets/_rels/sheet1.xml.rels
23:35:37.423 [main] DEBUG org.apache.poi.openxml4j.opc.PackageRelationshipCollection - Parsing relationship: /_rels/.rels
23:35:37.471 [main] DEBUG org.apache.poi.openxml4j.opc.PackageRelationshipCollection - Parsing relationship: /xl/_rels/workbook.xml.rels
23:35:37.473 [main] DEBUG org.apache.poi.openxml4j.opc.PackageRelationshipCollection - Parsing relationship: /xl/worksheets/_rels/sheet1.xml.rels
23:35:37.476 [main] DEBUG org.apache.poi.openxml4j.opc.PackageRelationshipCollection - Parsing relationship: /_rels/.rels
23:35:37.516 [main] DEBUG org.apache.poi.openxml4j.opc.PackageRelationshipCollection - Parsing relationship: /xl/_rels/workbook.xml.rels
23:35:37.518 [main] DEBUG org.apache.poi.openxml4j.opc.PackageRelationshipCollection - Parsing relationship: /xl/worksheets/_rels/sheet1.xml.rels
23:35:37.520 [main] DEBUG org.apache.poi.openxml4j.opc.PackageRelationshipCollection - Parsing relationship: /_rels/.rels
23:35:37.561 [main] DEBUG org.apache.poi.openxml4j.opc.PackageRelationshipCollection - Parsing relationship: /xl/_rels/workbook.xml.rels
23:35:37.564 [main] DEBUG org.apache.poi.openxml4j.opc.PackageRelationshipCollection - Parsing relationship: /xl/worksheets/_rels/sheet1.xml.rels
23:35:37.566 [main] DEBUG org.apache.poi.openxml4j.opc.PackageRelationshipCollection - Parsing relationship: /_rels/.rels
23:35:37.609 [main] DEBUG org.apache.poi.openxml4j.opc.PackageRelationshipCollection - Parsing relationship: /xl/_rels/workbook.xml.rels
23:35:37.611 [main] DEBUG org.apache.poi.openxml4j.opc.PackageRelationshipCollection - Parsing relationship: /xl/worksheets/_rels/sheet1.xml.rels
23:35:37.613 [main] DEBUG org.apache.poi.openxml4j.opc.PackageRelationshipCollection - Parsing relationship: /_rels/.rels
23:35:37.652 [main] DEBUG org.apache.poi.openxml4j.opc.PackageRelationshipCollection - Parsing relationship: /xl/_rels/workbook.xml.rels
23:35:37.654 [main] DEBUG org.apache.poi.openxml4j.opc.PackageRelationshipCollection - Parsing relationship: /xl/worksheets/_rels/sheet1.xml.rels
23:35:37.656 [main] DEBUG org.apache.poi.openxml4j.opc.PackageRelationshipCollection - Parsing relationship: /_rels/.rels
23:35:37.694 [main] DEBUG org.apache.poi.openxml4j.opc.PackageRelationshipCollection - Parsing relationship: /xl/_rels/workbook.xml.rels
23:35:37.696 [main] DEBUG org.apache.poi.openxml4j.opc.PackageRelationshipCollection - Parsing relationship: /xl/worksheets/_rels/sheet1.xml.rels
23:35:37.698 [main] DEBUG org.apache.poi.openxml4j.opc.PackageRelationshipCollection - Parsing relationship: /_rels/.rels
23:35:37.739 [main] DEBUG org.apache.poi.openxml4j.opc.PackageRelationshipCollection - Parsing relationship: /xl/_rels/workbook.xml.rels
23:35:37.741 [main] DEBUG org.apache.poi.openxml4j.opc.PackageRelationshipCollection - Parsing relationship: /xl/worksheets/_rels/sheet1.xml.rels
23:35:37.743 [main] DEBUG org.apache.poi.openxml4j.opc.PackageRelationshipCollection - Parsing relationship: /_rels/.rels
23:35:37.781 [main] DEBUG org.apache.poi.openxml4j.opc.PackageRelationshipCollection - Parsing relationship: /xl/_rels/workbook.xml.rels
23:35:37.783 [main] DEBUG org.apache.poi.openxml4j.opc.PackageRelationshipCollection - Parsing relationship: /xl/worksheets/_rels/sheet1.xml.rels
23:35:37.785 [main] DEBUG org.apache.poi.openxml4j.opc.PackageRelationshipCollection - Parsing relationship: /_rels/.rels
23:35:37.818 [main] DEBUG org.apache.poi.openxml4j.opc.PackageRelationshipCollection - Parsing relationship: /xl/_rels/workbook.xml.rels
23:35:37.820 [main] DEBUG org.apache.poi.openxml4j.opc.PackageRelationshipCollection - Parsing relationship: /xl/worksheets/_rels/sheet1.xml.rels
23:35:37.822 [main] DEBUG org.apache.poi.openxml4j.opc.PackageRelationshipCollection - Parsing relationship: /_rels/.rels
23:35:37.857 [main] DEBUG org.apache.poi.openxml4j.opc.PackageRelationshipCollection - Parsing relationship: /xl/_rels/workbook.xml.rels
23:35:37.859 [main] DEBUG org.apache.poi.openxml4j.opc.PackageRelationshipCollection - Parsing relationship: /xl/worksheets/_rels/sheet1.xml.rels
23:35:37.861 [main] DEBUG org.apache.poi.openxml4j.opc.PackageRelationshipCollection - Parsing relationship: /_rels/.rels
23:35:37.892 [main] DEBUG org.apache.poi.openxml4j.opc.PackageRelationshipCollection - Parsing relationship: /xl/_rels/workbook.xml.rels
23:35:37.894 [main] DEBUG org.apache.poi.openxml4j.opc.PackageRelationshipCollection - Parsing relationship: /xl/worksheets/_rels/sheet1.xml.rels
23:35:37.895 [main] DEBUG org.apache.poi.openxml4j.opc.PackageRelationshipCollection - Parsing relationship: /_rels/.rels
23:35:37.947 [main] DEBUG org.apache.poi.openxml4j.opc.PackageRelationshipCollection - Parsing relationship: /xl/_rels/workbook.xml.rels
23:35:37.950 [main] DEBUG org.apache.poi.openxml4j.opc.PackageRelationshipCollection - Parsing relationship: /xl/worksheets/_rels/sheet1.xml.rels
23:35:37.954 [main] DEBUG org.apache.poi.openxml4j.opc.PackageRelationshipCollection - Parsing relationship: /_rels/.rels
23:35:38.002 [main] DEBUG org.apache.poi.openxml4j.opc.PackageRelationshipCollection - Parsing relationship: /xl/_rels/workbook.xml.rels
23:35:38.004 [main] DEBUG org.apache.poi.openxml4j.opc.PackageRelationshipCollection - Parsing relationship: /xl/worksheets/_rels/sheet1.xml.rels
23:35:38.007 [main] DEBUG org.apache.poi.openxml4j.opc.PackageRelationshipCollection - Parsing relationship: /_rels/.rels
23:35:38.051 [main] DEBUG org.apache.poi.openxml4j.opc.PackageRelationshipCollection - Parsing relationship: /xl/_rels/workbook.xml.rels
23:35:38.053 [main] DEBUG org.apache.poi.openxml4j.opc.PackageRelationshipCollection - Parsing relationship: /xl/worksheets/_rels/sheet1.xml.rels
23:35:38.056 [main] DEBUG org.apache.poi.openxml4j.opc.PackageRelationshipCollection - Parsing relationship: /_rels/.rels
23:35:38.097 [main] DEBUG org.apache.poi.openxml4j.opc.PackageRelationshipCollection - Parsing relationship: /xl/_rels/workbook.xml.rels
23:35:38.099 [main] DEBUG org.apache.poi.openxml4j.opc.PackageRelationshipCollection - Parsing relationship: /xl/worksheets/_rels/sheet1.xml.rels
23:35:38.101 [main] DEBUG org.apache.poi.openxml4j.opc.PackageRelationshipCollection - Parsing relationship: /_rels/.rels
23:35:38.139 [main] DEBUG org.apache.poi.openxml4j.opc.PackageRelationshipCollection - Parsing relationship: /xl/_rels/workbook.xml.rels
23:35:38.141 [main] DEBUG org.apache.poi.openxml4j.opc.PackageRelationshipCollection - Parsing relationship: /xl/worksheets/_rels/sheet1.xml.rels
23:35:38.144 [main] DEBUG org.apache.poi.openxml4j.opc.PackageRelationshipCollection - Parsing relationship: /_rels/.rels
23:35:38.180 [main] DEBUG org.apache.poi.openxml4j.opc.PackageRelationshipCollection - Parsing relationship: /xl/_rels/workbook.xml.rels
23:35:38.184 [main] DEBUG org.apache.poi.openxml4j.opc.PackageRelationshipCollection - Parsing relationship: /xl/worksheets/_rels/sheet1.xml.rels
23:35:38.186 [main] DEBUG org.apache.poi.openxml4j.opc.PackageRelationshipCollection - Parsing relationship: /_rels/.rels
23:35:38.231 [main] DEBUG org.apache.poi.openxml4j.opc.PackageRelationshipCollection - Parsing relationship: /xl/_rels/workbook.xml.rels
23:35:38.233 [main] DEBUG org.apache.poi.openxml4j.opc.PackageRelationshipCollection - Parsing relationship: /xl/worksheets/_rels/sheet1.xml.rels
23:35:38.235 [main] DEBUG org.apache.poi.openxml4j.opc.PackageRelationshipCollection - Parsing relationship: /_rels/.rels
23:35:38.281 [main] DEBUG org.apache.poi.openxml4j.opc.PackageRelationshipCollection - Parsing relationship: /xl/_rels/workbook.xml.rels
23:35:38.283 [main] DEBUG org.apache.poi.openxml4j.opc.PackageRelationshipCollection - Parsing relationship: /xl/worksheets/_rels/sheet1.xml.rels
23:35:38.286 [main] DEBUG org.apache.poi.openxml4j.opc.PackageRelationshipCollection - Parsing relationship: /_rels/.rels
23:35:38.330 [main] DEBUG org.apache.poi.openxml4j.opc.PackageRelationshipCollection - Parsing relationship: /xl/_rels/workbook.xml.rels
23:35:38.333 [main] DEBUG org.apache.poi.openxml4j.opc.PackageRelationshipCollection - Parsing relationship: /xl/worksheets/_rels/sheet1.xml.rels
23:35:38.336 [main] DEBUG org.apache.poi.openxml4j.opc.PackageRelationshipCollection - Parsing relationship: /_rels/.rels
23:35:38.385 [main] DEBUG org.apache.poi.openxml4j.opc.PackageRelationshipCollection - Parsing relationship: /xl/_rels/workbook.xml.rels
23:35:38.388 [main] DEBUG org.apache.poi.openxml4j.opc.PackageRelationshipCollection - Parsing relationship: /xl/worksheets/_rels/sheet1.xml.rels
23:35:38.396 [main] DEBUG org.apache.poi.openxml4j.opc.PackageRelationshipCollection - Parsing relationship: /_rels/.rels
23:35:38.451 [main] DEBUG org.apache.poi.openxml4j.opc.PackageRelationshipCollection - Parsing relationship: /xl/_rels/workbook.xml.rels
23:35:38.454 [main] DEBUG org.apache.poi.openxml4j.opc.PackageRelationshipCollection - Parsing relationship: /xl/worksheets/_rels/sheet1.xml.rels
23:35:38.456 [main] DEBUG org.apache.poi.openxml4j.opc.PackageRelationshipCollection - Parsing relationship: /_rels/.rels
23:35:38.560 [main] INFO  testCases.TC003_LoginDDT - ********** Strating TC003_LoginDDT ****************
23:35:39.202 [main] INFO  testCases.TC003_LoginDDT - Providing Login data
23:35:41.094 [main] INFO  testCases.TC003_LoginDDT - Clicked on login button
23:35:44.791 [main] INFO  testCases.TC003_LoginDDT - *********************End of TC003_LoginDDT********************
23:35:44.802 [main] INFO  testCases.TC003_LoginDDT - ********** Strating TC003_LoginDDT ****************
23:35:45.357 [main] INFO  testCases.TC003_LoginDDT - Providing Login data
23:35:46.547 [main] INFO  testCases.TC003_LoginDDT - Clicked on login button
23:35:50.133 [main] INFO  testCases.TC003_LoginDDT - *********************End of TC003_LoginDDT********************
23:35:50.140 [main] INFO  testCases.TC003_LoginDDT - ********** Strating TC003_LoginDDT ****************
23:35:50.738 [main] INFO  testCases.TC003_LoginDDT - Providing Login data
23:35:52.665 [main] INFO  testCases.TC003_LoginDDT - Clicked on login button
23:35:56.512 [main] INFO  testCases.TC003_LoginDDT - *********************End of TC003_LoginDDT********************
23:35:56.517 [main] INFO  testCases.TC003_LoginDDT - ********** Strating TC003_LoginDDT ****************
23:35:57.223 [main] INFO  testCases.TC003_LoginDDT - Providing Login data
23:35:58.655 [main] INFO  testCases.TC003_LoginDDT - Clicked on login button
23:36:11.689 [main] INFO  testCases.TC003_LoginDDT - *********************End of TC003_LoginDDT********************
23:36:11.696 [main] INFO  testCases.TC003_LoginDDT - ********** Strating TC003_LoginDDT ****************
23:36:12.211 [main] INFO  testCases.TC003_LoginDDT - Providing Login data
23:36:13.960 [main] INFO  testCases.TC003_LoginDDT - Clicked on login button
23:36:17.534 [main] INFO  testCases.TC003_LoginDDT - *********************End of TC003_LoginDDT********************
23:36:17.539 [main] INFO  testCases.TC003_LoginDDT - ********** Strating TC003_LoginDDT ****************
23:36:18.075 [main] INFO  testCases.TC003_LoginDDT - Providing Login data
23:36:18.501 [main] INFO  testCases.TC003_LoginDDT - Clicked on login button
23:36:32.563 [main] INFO  testCases.TC003_LoginDDT - *********************End of TC003_LoginDDT********************
23:36:32.568 [main] INFO  testCases.TC003_LoginDDT - ********** Strating TC003_LoginDDT ****************
23:36:33.109 [main] INFO  testCases.TC003_LoginDDT - Providing Login data
23:36:34.497 [main] INFO  testCases.TC003_LoginDDT - Clicked on login button
23:36:47.519 [main] INFO  testCases.TC003_LoginDDT - *********************End of TC003_LoginDDT********************
23:36:47.523 [main] INFO  testCases.TC003_LoginDDT - ********** Strating TC003_LoginDDT ****************
23:36:48.026 [main] INFO  testCases.TC003_LoginDDT - Providing Login data
23:36:49.234 [main] INFO  testCases.TC003_LoginDDT - Clicked on login button
23:37:02.299 [main] INFO  testCases.TC003_LoginDDT - *********************End of TC003_LoginDDT********************
20:48:45.349 [main] DEBUG org.testng.TestNG - suiteXmlPath: "C:\Workspaces\JavaWork\opencartV0.1\grouping.xml"
20:58:02.564 [main] DEBUG org.testng.TestNG - suiteXmlPath: "C:\Workspaces\JavaWork\opencartV0.1\grouping.xml"
21:03:26.178 [main] DEBUG org.testng.TestNG - suiteXmlPath: "C:\Workspaces\JavaWork\opencartV0.1\grouping.xml"
21:03:26.495 [main] INFO  org.testng.internal.Utils - [TestNG] Running:
  C:\Workspaces\JavaWork\opencartV0.1\grouping.xml

21:03:35.674 [main] INFO  testCases.TC001_AccountRegistrationTest - ********Starting TC001_AccountRegistrationTest *********
21:03:36.577 [main] INFO  testCases.TC001_AccountRegistrationTest - Clicked on My Account link
21:03:39.170 [main] INFO  testCases.TC001_AccountRegistrationTest - Clicked on Register link
21:03:39.185 [main] INFO  testCases.TC001_AccountRegistrationTest - Providing Customer Details.....
21:03:41.052 [main] INFO  testCases.TC001_AccountRegistrationTest - Validating expected message.....
21:03:41.087 [main] INFO  testCases.TC001_AccountRegistrationTest - ********Finished TC001_AccountRegistrationTest************
21:03:43.756 [main] INFO  testCases.TC002_LoginTest - *********Starting TC002_LoginTest ***********
21:03:44.186 [main] INFO  testCases.TC002_LoginTest - Providing Login data
21:03:44.420 [main] INFO  testCases.TC002_LoginTest - Clicked on login button
21:03:45.250 [main] INFO  testCases.TC002_LoginTest - *************Finished TC002_LoginTest ***********
21:08:57.113 [main] DEBUG org.testng.TestNG - suiteXmlPath: "C:\Workspaces\JavaWork\opencartV0.1\grouping.xml"
21:08:57.392 [main] INFO  org.testng.internal.Utils - [TestNG] Running:
  C:\Workspaces\JavaWork\opencartV0.1\grouping.xml

21:09:01.571 [main] INFO  testCases.TC001_AccountRegistrationTest - ********Starting TC001_AccountRegistrationTest *********
21:09:01.702 [main] INFO  testCases.TC001_AccountRegistrationTest - Clicked on My Account link
21:09:02.537 [main] INFO  testCases.TC001_AccountRegistrationTest - Clicked on Register link
21:09:02.541 [main] INFO  testCases.TC001_AccountRegistrationTest - Providing Customer Details.....
21:09:04.806 [main] INFO  testCases.TC001_AccountRegistrationTest - Validating expected message.....
21:09:04.843 [main] INFO  testCases.TC001_AccountRegistrationTest - ********Finished TC001_AccountRegistrationTest************
21:09:07.593 [main] INFO  testCases.TC002_LoginTest - *********Starting TC002_LoginTest ***********
21:09:08.209 [main] INFO  testCases.TC002_LoginTest - Providing Login data
21:09:08.452 [main] INFO  testCases.TC002_LoginTest - Clicked on login button
21:09:09.461 [main] INFO  testCases.TC002_LoginTest - *************Finished TC002_LoginTest ***********
21:13:15.104 [main] DEBUG org.testng.TestNG - suiteXmlPath: "C:\Workspaces\JavaWork\opencartV0.1\grouping.xml"
21:13:15.424 [main] INFO  org.testng.internal.Utils - [TestNG] Running:
  C:\Workspaces\JavaWork\opencartV0.1\grouping.xml

21:13:19.523 [main] INFO  testCases.TC001_AccountRegistrationTest - ********Starting TC001_AccountRegistrationTest *********
21:13:19.648 [main] INFO  testCases.TC001_AccountRegistrationTest - Clicked on My Account link
21:13:20.315 [main] INFO  testCases.TC001_AccountRegistrationTest - Clicked on Register link
21:13:20.319 [main] INFO  testCases.TC001_AccountRegistrationTest - Providing Customer Details.....
21:13:21.676 [main] INFO  testCases.TC001_AccountRegistrationTest - Validating expected message.....
21:13:21.708 [main] INFO  testCases.TC001_AccountRegistrationTest - ********Finished TC001_AccountRegistrationTest************
21:13:24.390 [main] INFO  testCases.TC002_LoginTest - *********Starting TC002_LoginTest ***********
21:13:24.792 [main] INFO  testCases.TC002_LoginTest - Providing Login data
21:13:25.699 [main] INFO  testCases.TC002_LoginTest - Clicked on login button
21:19:37.910 [main] DEBUG org.testng.TestNG - suiteXmlPath: "C:\Workspaces\JavaWork\opencartV0.1\grouping.xml"
21:19:38.203 [main] INFO  org.testng.internal.Utils - [TestNG] Running:
  C:\Workspaces\JavaWork\opencartV0.1\grouping.xml

21:19:41.664 [main] INFO  testCases.TC001_AccountRegistrationTest - ********Starting TC001_AccountRegistrationTest *********
21:19:41.802 [main] INFO  testCases.TC001_AccountRegistrationTest - Clicked on My Account link
21:19:42.402 [main] INFO  testCases.TC001_AccountRegistrationTest - Clicked on Register link
21:19:42.404 [main] INFO  testCases.TC001_AccountRegistrationTest - Providing Customer Details.....
21:19:43.989 [main] INFO  testCases.TC001_AccountRegistrationTest - Validating expected message.....
21:19:44.023 [main] INFO  testCases.TC001_AccountRegistrationTest - ********Finished TC001_AccountRegistrationTest************
21:19:46.600 [main] INFO  testCases.TC002_LoginTest - *********Starting TC002_LoginTest ***********
21:19:47.019 [main] INFO  testCases.TC002_LoginTest - Providing Login data
21:19:47.259 [main] INFO  testCases.TC002_LoginTest - Clicked on login button
21:26:51.877 [main] DEBUG org.testng.TestNG - suiteXmlPath: "C:\Workspaces\JavaWork\opencartV0.1\grouping.xml"
21:26:52.148 [main] INFO  org.testng.internal.Utils - [TestNG] Running:
  C:\Workspaces\JavaWork\opencartV0.1\grouping.xml

21:26:55.954 [main] INFO  testCases.TC001_AccountRegistrationTest - ********Starting TC001_AccountRegistrationTest *********
21:26:56.064 [main] INFO  testCases.TC001_AccountRegistrationTest - Clicked on My Account link
21:26:59.139 [main] INFO  testCases.TC001_AccountRegistrationTest - Clicked on Register link
21:26:59.142 [main] INFO  testCases.TC001_AccountRegistrationTest - Providing Customer Details.....
21:27:00.600 [main] INFO  testCases.TC001_AccountRegistrationTest - Validating expected message.....
21:27:00.636 [main] INFO  testCases.TC001_AccountRegistrationTest - ********Finished TC001_AccountRegistrationTest************
21:27:05.093 [main] INFO  testCases.TC002_LoginTest - *********Starting TC002_LoginTest ***********
21:27:05.631 [main] INFO  testCases.TC002_LoginTest - Providing Login data
21:27:05.870 [main] INFO  testCases.TC002_LoginTest - Clicked on login button
21:30:19.212 [main] DEBUG org.testng.TestNG - suiteXmlPath: "C:\Workspaces\JavaWork\opencartV0.1\grouping.xml"
21:30:19.555 [main] INFO  org.testng.internal.Utils - [TestNG] Running:
  C:\Workspaces\JavaWork\opencartV0.1\grouping.xml

21:30:24.245 [main] INFO  testCases.TC001_AccountRegistrationTest - ********Starting TC001_AccountRegistrationTest *********
21:30:24.381 [main] INFO  testCases.TC001_AccountRegistrationTest - Clicked on My Account link
21:30:25.552 [main] INFO  testCases.TC001_AccountRegistrationTest - Clicked on Register link
21:30:25.569 [main] INFO  testCases.TC001_AccountRegistrationTest - Providing Customer Details.....
21:30:32.233 [main] INFO  testCases.TC001_AccountRegistrationTest - Validating expected message.....
21:30:32.268 [main] INFO  testCases.TC001_AccountRegistrationTest - ********Finished TC001_AccountRegistrationTest************
21:30:35.944 [main] INFO  testCases.TC002_LoginTest - *********Starting TC002_LoginTest ***********
21:30:36.756 [main] INFO  testCases.TC002_LoginTest - Providing Login data
21:30:36.995 [main] INFO  testCases.TC002_LoginTest - Clicked on login button
21:32:21.773 [main] DEBUG org.testng.TestNG - suiteXmlPath: "C:\Workspaces\JavaWork\opencartV0.1\grouping.xml"
21:32:22.075 [main] INFO  org.testng.internal.Utils - [TestNG] Running:
  C:\Workspaces\JavaWork\opencartV0.1\grouping.xml

21:32:25.734 [main] INFO  testCases.TC001_AccountRegistrationTest - ********Starting TC001_AccountRegistrationTest *********
21:32:25.863 [main] INFO  testCases.TC001_AccountRegistrationTest - Clicked on My Account link
21:32:26.437 [main] INFO  testCases.TC001_AccountRegistrationTest - Clicked on Register link
21:32:26.440 [main] INFO  testCases.TC001_AccountRegistrationTest - Providing Customer Details.....
21:32:28.479 [main] INFO  testCases.TC001_AccountRegistrationTest - Validating expected message.....
21:32:28.511 [main] INFO  testCases.TC001_AccountRegistrationTest - ********Finished TC001_AccountRegistrationTest************
21:32:31.528 [main] INFO  testCases.TC002_LoginTest - *********Starting TC002_LoginTest ***********
21:32:31.986 [main] INFO  testCases.TC002_LoginTest - Providing Login data
21:32:33.322 [main] INFO  testCases.TC002_LoginTest - Clicked on login button
21:36:01.720 [main] DEBUG org.testng.TestNG - suiteXmlPath: "C:\Workspaces\JavaWork\opencartV0.1\grouping.xml"
21:36:02.042 [main] INFO  org.testng.internal.Utils - [TestNG] Running:
  C:\Workspaces\JavaWork\opencartV0.1\grouping.xml

21:36:05.817 [main] INFO  testCases.TC001_AccountRegistrationTest - ********Starting TC001_AccountRegistrationTest *********
21:36:05.983 [main] INFO  testCases.TC001_AccountRegistrationTest - Clicked on My Account link
21:36:07.787 [main] INFO  testCases.TC001_AccountRegistrationTest - Clicked on Register link
21:36:07.794 [main] INFO  testCases.TC001_AccountRegistrationTest - Providing Customer Details.....
21:36:09.609 [main] INFO  testCases.TC001_AccountRegistrationTest - Validating expected message.....
21:36:09.646 [main] INFO  testCases.TC001_AccountRegistrationTest - ********Finished TC001_AccountRegistrationTest************
21:36:13.928 [main] INFO  testCases.TC002_LoginTest - *********Starting TC002_LoginTest ***********
21:36:14.397 [main] INFO  testCases.TC002_LoginTest - Providing Login data
21:36:14.641 [main] INFO  testCases.TC002_LoginTest - Clicked on login button
21:41:46.496 [main] DEBUG org.testng.TestNG - suiteXmlPath: "C:\Workspaces\JavaWork\opencartV0.1\grouping.xml"
21:41:46.824 [main] INFO  org.testng.internal.Utils - [TestNG] Running:
  C:\Workspaces\JavaWork\opencartV0.1\grouping.xml

21:41:54.141 [main] INFO  testCases.TC001_AccountRegistrationTest - ********Starting TC001_AccountRegistrationTest *********
21:41:55.000 [main] INFO  testCases.TC001_AccountRegistrationTest - Clicked on My Account link
21:41:56.664 [main] INFO  testCases.TC001_AccountRegistrationTest - Clicked on Register link
21:41:56.678 [main] INFO  testCases.TC001_AccountRegistrationTest - Providing Customer Details.....
21:41:59.685 [main] INFO  testCases.TC001_AccountRegistrationTest - Validating expected message.....
21:41:59.722 [main] INFO  testCases.TC001_AccountRegistrationTest - ********Finished TC001_AccountRegistrationTest************
21:42:02.682 [main] INFO  testCases.TC002_LoginTest - *********Starting TC002_LoginTest ***********
21:42:03.180 [main] INFO  testCases.TC002_LoginTest - Providing Login data
21:42:03.433 [main] INFO  testCases.TC002_LoginTest - Clicked on login button
21:45:12.976 [main] DEBUG org.testng.TestNG - suiteXmlPath: "C:\Workspaces\JavaWork\opencartV0.1\grouping.xml"
21:45:13.299 [main] INFO  org.testng.internal.Utils - [TestNG] Running:
  C:\Workspaces\JavaWork\opencartV0.1\grouping.xml

21:45:18.111 [main] INFO  testCases.TC001_AccountRegistrationTest - ********Starting TC001_AccountRegistrationTest *********
21:45:18.222 [main] INFO  testCases.TC001_AccountRegistrationTest - Clicked on My Account link
21:45:19.068 [main] INFO  testCases.TC001_AccountRegistrationTest - Clicked on Register link
21:45:19.070 [main] INFO  testCases.TC001_AccountRegistrationTest - Providing Customer Details.....
21:45:20.508 [main] INFO  testCases.TC001_AccountRegistrationTest - Validating expected message.....
21:45:20.544 [main] INFO  testCases.TC001_AccountRegistrationTest - ********Finished TC001_AccountRegistrationTest************
21:45:24.433 [main] INFO  testCases.TC002_LoginTest - *********Starting TC002_LoginTest ***********
21:45:24.844 [main] INFO  testCases.TC002_LoginTest - Providing Login data
21:45:25.740 [main] INFO  testCases.TC002_LoginTest - Clicked on login button
                                                                                                                                                                                                                                                                                                                                                                                                                                                                                                                                               